<?xml version="1.0" encoding="UTF-8"?>
<!-- Generated by org.testng.reporters.JUnitXMLReporter -->
<testsuite hostname="PREETISH" name="Sprint1" tests="3" failures="0" timestamp="14 Sep 2017 15:00:57 GMT" time="0.064" errors="0">
  <testcase name="testFacebook" time="0.018" classname="testNgclasses.Testcase1"/>
  <testcase name="testTwitter" time="0.004" classname="testNgclasses.Testcase2"/>
  <testcase name="testGmail" time="0.014" classname="testNgclasses.Testcase3"/>
</testsuite> <!-- Sprint1 -->
