<?xml version="1.0" encoding="UTF-8"?>
<!-- Generated by org.testng.reporters.JUnitXMLReporter -->
<testsuite hostname="GUDU-PC" name="Test" tests="1" failures="1" timestamp="16 Nov 2018 07:19:37 GMT" time="0.235" errors="0">
  <testcase name="captureVideo" time="0.202" classname="collection.MontecTestRecorder">
    <failure type="java.lang.ClassCastException" message="java.lang.String cannot be cast to org.monte.media.FormatKey">
      <![CDATA[java.lang.ClassCastException: java.lang.String cannot be cast to org.monte.media.FormatKey
	at org.monte.media.Format.<init>(Format.java:62)
	at collection.MontecTestRecorder.captureVideo(MontecTestRecorder.java:43)
... Removed 24 stack frames]]>
    </failure>
  </testcase> <!-- captureVideo -->
</testsuite> <!-- Test -->
