<?xml version="1.0" encoding="UTF-8"?>
<!-- Generated by org.testng.reporters.JUnitXMLReporter -->
<testsuite hostname="PREETISH" name="Testfour" tests="1" failures="1" timestamp="23 Apr 2018 20:27:25 GMT" time="14.398" errors="0">
  <testcase name="enterCredentials" time="0.001" classname="co.qa.excelreporter.TC_001">
    <failure type="java.lang.NullPointerException">
      <![CDATA[java.lang.NullPointerException
	at co.qa.excelreporter.TC_001.enterCredentials(TC_001.java:14)
... Removed 24 stack frames]]>
    </failure>
  </testcase> <!-- enterCredentials -->
</testsuite> <!-- Testfour -->
