<?xml version="1.0" encoding="UTF-8"?>
<!-- Generated by org.testng.reporters.JUnitXMLReporter -->
<testsuite hostname="PREETISH" name="Testwo" tests="3" failures="1" timestamp="28 Apr 2018 04:46:54 GMT" time="0.019" errors="0">
  <testcase name="testMethodFail" time="0.001" classname="excelreportgenerator.TestTwo">
    <failure type="java.lang.AssertionError" message="expected [true] but found [false]">
      <![CDATA[java.lang.AssertionError: expected [true] but found [false]
	at excelreportgenerator.TestTwo.testMethodFail(TestTwo.java:17)
... Removed 28 stack frames]]>
    </failure>
  </testcase> <!-- testMethodFail -->
  <testcase name="testMethodPass" time="0.006" classname="excelreportgenerator.TestTwo"/>
  <testcase name="testMethodSkip" time="0.002" classname="excelreportgenerator.TestTwo">
    <skipped/>
  </testcase> <!-- testMethodSkip -->
</testsuite> <!-- Testwo -->
